2021-11-23 18:56:29,INFO ,[main],[org.apache.flink.api.java.typeutils.TypeExtractor.analyzePojo(TypeExtractor.java:1907)],class org.apache.flink.types.Row is missing a default constructor so it cannot be used as a POJO type and must be processed as GenericType. Please read the Flink documentation on "Data Types & Serialization" for details of the effect on performance.
2021-11-23 18:56:30,INFO ,[main],[org.apache.flink.api.java.utils.PlanGenerator.logTypeRegistrationDetails(PlanGenerator.java:149)],The job has 0 registered types and 0 default Kryo serializers
2021-11-23 18:56:30,INFO ,[main],[org.apache.flink.runtime.taskexecutor.TaskExecutorResourceUtils.setConfigOptionToDefaultIfNotSet(TaskExecutorResourceUtils.java:172)],The configuration option Key: 'taskmanager.cpu.cores' , default: null (fallback keys: []) required for local execution is not set, setting it to its default value 1.7976931348623157E308
2021-11-23 18:56:30,INFO ,[main],[org.apache.flink.runtime.taskexecutor.TaskExecutorResourceUtils.setConfigOptionToDefaultIfNotSet(TaskExecutorResourceUtils.java:172)],The configuration option Key: 'taskmanager.memory.task.heap.size' , default: null (fallback keys: []) required for local execution is not set, setting it to its default value 9223372036854775807 bytes
2021-11-23 18:56:30,INFO ,[main],[org.apache.flink.runtime.taskexecutor.TaskExecutorResourceUtils.setConfigOptionToDefaultIfNotSet(TaskExecutorResourceUtils.java:172)],The configuration option Key: 'taskmanager.memory.task.off-heap.size' , default: 0 bytes (fallback keys: []) required for local execution is not set, setting it to its default value 9223372036854775807 bytes
2021-11-23 18:56:30,INFO ,[main],[org.apache.flink.runtime.taskexecutor.TaskExecutorResourceUtils.setConfigOptionToDefaultIfNotSet(TaskExecutorResourceUtils.java:172)],The configuration option Key: 'taskmanager.memory.network.min' , default: 64 mb (fallback keys: [{key=taskmanager.network.memory.min, isDeprecated=true}]) required for local execution is not set, setting it to its default value 64 mb
2021-11-23 18:56:30,INFO ,[main],[org.apache.flink.runtime.taskexecutor.TaskExecutorResourceUtils.setConfigOptionToDefaultIfNotSet(TaskExecutorResourceUtils.java:172)],The configuration option Key: 'taskmanager.memory.network.max' , default: 1 gb (fallback keys: [{key=taskmanager.network.memory.max, isDeprecated=true}]) required for local execution is not set, setting it to its default value 64 mb
2021-11-23 18:56:30,INFO ,[main],[org.apache.flink.runtime.taskexecutor.TaskExecutorResourceUtils.setConfigOptionToDefaultIfNotSet(TaskExecutorResourceUtils.java:172)],The configuration option Key: 'taskmanager.memory.managed.size' , default: null (fallback keys: [{key=taskmanager.memory.size, isDeprecated=true}]) required for local execution is not set, setting it to its default value 128 mb
2021-11-23 18:56:30,INFO ,[main],[org.apache.flink.runtime.minicluster.MiniCluster.start(MiniCluster.java:251)],Starting Flink Mini Cluster
2021-11-23 18:56:30,INFO ,[main],[org.apache.flink.runtime.minicluster.MiniCluster.start(MiniCluster.java:260)],Starting Metrics Registry
2021-11-23 18:56:30,INFO ,[main],[org.apache.flink.runtime.metrics.MetricRegistryImpl.<init>(MetricRegistryImpl.java:115)],No metrics reporter configured, no metrics will be exposed/reported.
2021-11-23 18:56:30,INFO ,[main],[org.apache.flink.runtime.minicluster.MiniCluster.start(MiniCluster.java:264)],Starting RPC Service(s)
2021-11-23 18:56:30,INFO ,[main],[org.apache.flink.runtime.clusterframework.BootstrapTools.startLocalActorSystem(BootstrapTools.java:247)],Trying to start local actor system
2021-11-23 18:56:30,INFO ,[flink-akka.actor.default-dispatcher-3],[akka.event.slf4j.Slf4jLogger$$anonfun$receive$1.applyOrElse(Slf4jLogger.scala:92)],Slf4jLogger started
2021-11-23 18:56:30,INFO ,[main],[org.apache.flink.runtime.clusterframework.BootstrapTools.startActorSystem(BootstrapTools.java:278)],Actor system started at akka://flink
2021-11-23 18:56:30,INFO ,[main],[org.apache.flink.runtime.clusterframework.BootstrapTools.startLocalActorSystem(BootstrapTools.java:247)],Trying to start local actor system
2021-11-23 18:56:30,INFO ,[flink-metrics-2],[akka.event.slf4j.Slf4jLogger$$anonfun$receive$1.applyOrElse(Slf4jLogger.scala:92)],Slf4jLogger started
2021-11-23 18:56:30,INFO ,[main],[org.apache.flink.runtime.clusterframework.BootstrapTools.startActorSystem(BootstrapTools.java:278)],Actor system started at akka://flink-metrics
2021-11-23 18:56:30,INFO ,[main],[org.apache.flink.runtime.rpc.akka.AkkaRpcService.startServer(AkkaRpcService.java:225)],Starting RPC endpoint for org.apache.flink.runtime.metrics.dump.MetricQueryService at akka://flink-metrics/user/rpc/MetricQueryService .
2021-11-23 18:56:30,INFO ,[main],[org.apache.flink.runtime.minicluster.MiniCluster.createHighAvailabilityServices(MiniCluster.java:432)],Starting high-availability services
2021-11-23 18:56:30,INFO ,[main],[org.apache.flink.runtime.blob.BlobServer.<init>(BlobServer.java:143)],Created BLOB server storage directory /var/folders/b1/3hp1l_n918s_5xcn2t8jnryh0000gn/T/blobStore-4c719705-1308-45c6-a130-8fab9680fb2a
2021-11-23 18:56:30,INFO ,[main],[org.apache.flink.runtime.blob.BlobServer.<init>(BlobServer.java:207)],Started BLOB server at 0.0.0.0:51370 - max concurrent requests: 50 - max backlog: 1000
2021-11-23 18:56:31,INFO ,[main],[org.apache.flink.runtime.blob.AbstractBlobCache.<init>(AbstractBlobCache.java:107)],Created BLOB cache storage directory /var/folders/b1/3hp1l_n918s_5xcn2t8jnryh0000gn/T/blobStore-22435736-a4b3-491b-b179-290bb931e9ed
2021-11-23 18:56:31,INFO ,[main],[org.apache.flink.runtime.blob.AbstractBlobCache.<init>(AbstractBlobCache.java:107)],Created BLOB cache storage directory /var/folders/b1/3hp1l_n918s_5xcn2t8jnryh0000gn/T/blobStore-86da66a2-90f2-4fb6-bb0e-222f6eaeae09
2021-11-23 18:56:31,INFO ,[main],[org.apache.flink.runtime.minicluster.MiniCluster.startTaskManagers(MiniCluster.java:519)],Starting 1 TaskManger(s)
2021-11-23 18:56:31,INFO ,[main],[org.apache.flink.runtime.taskexecutor.TaskManagerRunner.startTaskManager(TaskManagerRunner.java:351)],Starting TaskManager with ResourceID: 8d80126a-220d-4c51-ba32-81ea705a5538
2021-11-23 18:56:31,INFO ,[main],[org.apache.flink.runtime.taskexecutor.TaskManagerServices.checkTempDirs(TaskManagerServices.java:405)],Temporary file directory '/var/folders/b1/3hp1l_n918s_5xcn2t8jnryh0000gn/T': total 460 GB, usable 281 GB (61.09% usable)
2021-11-23 18:56:31,INFO ,[main],[org.apache.flink.runtime.io.disk.FileChannelManagerImpl.createFiles(FileChannelManagerImpl.java:97)],FileChannelManager uses directory /var/folders/b1/3hp1l_n918s_5xcn2t8jnryh0000gn/T/flink-io-f434b201-a222-4aa5-b1fe-b01ca606192e for spill files.
2021-11-23 18:56:31,INFO ,[main],[org.apache.flink.runtime.io.disk.FileChannelManagerImpl.createFiles(FileChannelManagerImpl.java:97)],FileChannelManager uses directory /var/folders/b1/3hp1l_n918s_5xcn2t8jnryh0000gn/T/flink-netty-shuffle-e5585bf5-7abf-48bf-b9e6-b9159d160720 for spill files.
2021-11-23 18:56:31,INFO ,[main],[org.apache.flink.runtime.io.network.buffer.NetworkBufferPool.<init>(NetworkBufferPool.java:145)],Allocated 64 MB for network buffer pool (number of memory segments: 2048, bytes per segment: 32768).
2021-11-23 18:56:31,INFO ,[main],[org.apache.flink.runtime.io.network.NettyShuffleEnvironment.start(NettyShuffleEnvironment.java:293)],Starting the network environment and its components.
2021-11-23 18:56:31,INFO ,[main],[org.apache.flink.runtime.taskexecutor.KvStateService.start(KvStateService.java:89)],Starting the kvState service and its components.
2021-11-23 18:56:31,INFO ,[main],[org.apache.flink.runtime.rpc.akka.AkkaRpcService.startServer(AkkaRpcService.java:225)],Starting RPC endpoint for org.apache.flink.runtime.taskexecutor.TaskExecutor at akka://flink/user/rpc/taskmanager_0 .
2021-11-23 18:56:31,INFO ,[flink-akka.actor.default-dispatcher-2],[org.apache.flink.runtime.taskexecutor.DefaultJobLeaderService.start(DefaultJobLeaderService.java:116)],Start job leader service.
2021-11-23 18:56:31,INFO ,[flink-akka.actor.default-dispatcher-2],[org.apache.flink.runtime.filecache.FileCache.<init>(FileCache.java:107)],User file cache uses directory /var/folders/b1/3hp1l_n918s_5xcn2t8jnryh0000gn/T/flink-dist-cache-5ed8f7f5-b361-441c-be25-8c4b1145d0b4
2021-11-23 18:56:31,INFO ,[main],[org.apache.flink.runtime.rest.RestServerEndpoint.start(RestServerEndpoint.java:140)],Starting rest endpoint.
2021-11-23 18:56:31,WARN ,[main],[org.apache.flink.runtime.webmonitor.WebMonitorUtils$LogFileLocation.find(WebMonitorUtils.java:91)],Log file environment variable 'log.file' is not set.
2021-11-23 18:56:31,WARN ,[main],[org.apache.flink.runtime.webmonitor.WebMonitorUtils$LogFileLocation.find(WebMonitorUtils.java:97)],JobManager log files are unavailable in the web dashboard. Log file location not found in environment variable 'log.file' or configuration key 'web.log.path'.
2021-11-23 18:56:31,INFO ,[main],[org.apache.flink.runtime.dispatcher.DispatcherRestEndpoint.initializeHandlers(DispatcherRestEndpoint.java:116)],Failed to load web based job submission extension. Probable reason: flink-runtime-web is not in the classpath.
2021-11-23 18:56:31,INFO ,[main],[org.apache.flink.runtime.rest.RestServerEndpoint.start(RestServerEndpoint.java:236)],Rest endpoint listening at localhost:51374
2021-11-23 18:56:31,INFO ,[main],[org.apache.flink.runtime.highavailability.nonha.embedded.EmbeddedLeaderService.updateLeader(EmbeddedLeaderService.java:302)],Proposing leadership to contender http://localhost:51374
2021-11-23 18:56:31,INFO ,[mini-cluster-io-thread-1],[org.apache.flink.runtime.webmonitor.WebMonitorEndpoint.grantLeadership(WebMonitorEndpoint.java:812)],http://localhost:51374 was granted leadership with leaderSessionID=69d6e745-8c27-4cdd-8420-2b53cc58c637
2021-11-23 18:56:31,INFO ,[mini-cluster-io-thread-1],[org.apache.flink.runtime.highavailability.nonha.embedded.EmbeddedLeaderService.confirmLeader(EmbeddedLeaderService.java:252)],Received confirmation of leadership for leader http://localhost:51374 , session=69d6e745-8c27-4cdd-8420-2b53cc58c637
2021-11-23 18:56:31,INFO ,[main],[org.apache.flink.runtime.rpc.akka.AkkaRpcService.startServer(AkkaRpcService.java:225)],Starting RPC endpoint for org.apache.flink.runtime.resourcemanager.StandaloneResourceManager at akka://flink/user/rpc/resourcemanager_1 .
2021-11-23 18:56:31,INFO ,[main],[org.apache.flink.runtime.highavailability.nonha.embedded.EmbeddedLeaderService.updateLeader(EmbeddedLeaderService.java:302)],Proposing leadership to contender LeaderContender: DefaultDispatcherRunner
2021-11-23 18:56:31,INFO ,[flink-akka.actor.default-dispatcher-2],[org.apache.flink.runtime.highavailability.nonha.embedded.EmbeddedLeaderService.updateLeader(EmbeddedLeaderService.java:302)],Proposing leadership to contender LeaderContender: StandaloneResourceManager
2021-11-23 18:56:31,INFO ,[flink-akka.actor.default-dispatcher-2],[org.apache.flink.runtime.resourcemanager.ResourceManager.tryAcceptLeadership(ResourceManager.java:984)],ResourceManager akka://flink/user/rpc/resourcemanager_1 was granted leadership with fencing token be927c41a2cedce78a97dc9c8393402b
2021-11-23 18:56:31,INFO ,[main],[org.apache.flink.runtime.minicluster.MiniCluster.start(MiniCluster.java:372)],Flink Mini Cluster started successfully
2021-11-23 18:56:31,INFO ,[mini-cluster-io-thread-2],[org.apache.flink.runtime.dispatcher.runner.AbstractDispatcherLeaderProcess.startInternal(AbstractDispatcherLeaderProcess.java:101)],Start SessionDispatcherLeaderProcess.
2021-11-23 18:56:31,INFO ,[flink-akka.actor.default-dispatcher-2],[org.apache.flink.runtime.resourcemanager.slotmanager.SlotManagerImpl.start(SlotManagerImpl.java:279)],Starting the SlotManager.
2021-11-23 18:56:31,INFO ,[mini-cluster-io-thread-5],[org.apache.flink.runtime.dispatcher.runner.SessionDispatcherLeaderProcess.recoverJobs(SessionDispatcherLeaderProcess.java:120)],Recover all persisted job graphs.
2021-11-23 18:56:31,INFO ,[mini-cluster-io-thread-5],[org.apache.flink.runtime.dispatcher.runner.SessionDispatcherLeaderProcess.recoverJobs(SessionDispatcherLeaderProcess.java:128)],Successfully recovered 0 persisted job graphs.
2021-11-23 18:56:31,INFO ,[flink-akka.actor.default-dispatcher-4],[org.apache.flink.runtime.highavailability.nonha.embedded.EmbeddedLeaderService.confirmLeader(EmbeddedLeaderService.java:252)],Received confirmation of leadership for leader akka://flink/user/rpc/resourcemanager_1 , session=8a97dc9c-8393-402b-be92-7c41a2cedce7
2021-11-23 18:56:31,INFO ,[flink-akka.actor.default-dispatcher-2],[org.apache.flink.runtime.taskexecutor.TaskExecutor.connectToResourceManager(TaskExecutor.java:1123)],Connecting to ResourceManager akka://flink/user/rpc/resourcemanager_1(be927c41a2cedce78a97dc9c8393402b).
2021-11-23 18:56:31,INFO ,[mini-cluster-io-thread-5],[org.apache.flink.runtime.rpc.akka.AkkaRpcService.startServer(AkkaRpcService.java:225)],Starting RPC endpoint for org.apache.flink.runtime.dispatcher.StandaloneDispatcher at akka://flink/user/rpc/dispatcher_2 .
2021-11-23 18:56:31,INFO ,[mini-cluster-io-thread-5],[org.apache.flink.runtime.highavailability.nonha.embedded.EmbeddedLeaderService.confirmLeader(EmbeddedLeaderService.java:252)],Received confirmation of leadership for leader akka://flink/user/rpc/dispatcher_2 , session=1aaf005b-ed54-4533-b7d4-03969c6890f3
2021-11-23 18:56:31,INFO ,[flink-akka.actor.default-dispatcher-4],[org.apache.flink.runtime.registration.RetryingRegistration.lambda$startRegistration$0(RetryingRegistration.java:155)],Resolved ResourceManager address, beginning registration
2021-11-23 18:56:31,INFO ,[flink-akka.actor.default-dispatcher-2],[org.apache.flink.runtime.resourcemanager.ResourceManager.registerTaskExecutorInternal(ResourceManager.java:781)],Registering TaskManager with ResourceID 8d80126a-220d-4c51-ba32-81ea705a5538 (akka://flink/user/rpc/taskmanager_0) at ResourceManager
2021-11-23 18:56:31,INFO ,[flink-akka.actor.default-dispatcher-4],[org.apache.flink.runtime.taskexecutor.TaskExecutorToResourceManagerConnection.onRegistrationSuccess(TaskExecutorToResourceManagerConnection.java:84)],Successful registration at resource manager akka://flink/user/rpc/resourcemanager_1 under registration id 0350a3f4b86f4196c8fa7b6878a726ec.
2021-11-23 18:56:31,INFO ,[flink-akka.actor.default-dispatcher-4],[org.apache.flink.runtime.dispatcher.Dispatcher.submitJob(Dispatcher.java:275)],Received JobGraph submission 4ca0ba9ad44b4f768eb2393a60f27fa3 (Flink Java Job at Tue Nov 23 18:56:30 CST 2021).
2021-11-23 18:56:31,INFO ,[flink-akka.actor.default-dispatcher-4],[org.apache.flink.runtime.dispatcher.Dispatcher.internalSubmitJob(Dispatcher.java:332)],Submitting job 4ca0ba9ad44b4f768eb2393a60f27fa3 (Flink Java Job at Tue Nov 23 18:56:30 CST 2021).
2021-11-23 18:56:31,INFO ,[flink-akka.actor.default-dispatcher-6],[org.apache.flink.runtime.rpc.akka.AkkaRpcService.startServer(AkkaRpcService.java:225)],Starting RPC endpoint for org.apache.flink.runtime.jobmaster.JobMaster at akka://flink/user/rpc/jobmanager_3 .
2021-11-23 18:56:31,INFO ,[flink-akka.actor.default-dispatcher-6],[org.apache.flink.runtime.jobmaster.JobMaster.<init>(JobMaster.java:248)],Initializing job Flink Java Job at Tue Nov 23 18:56:30 CST 2021 (4ca0ba9ad44b4f768eb2393a60f27fa3).
2021-11-23 18:56:31,INFO ,[flink-akka.actor.default-dispatcher-6],[org.apache.flink.runtime.scheduler.DefaultSchedulerFactory.createInstance(DefaultSchedulerFactory.java:80)],Using restart back off time strategy NoRestartBackoffTimeStrategy for Flink Java Job at Tue Nov 23 18:56:30 CST 2021 (4ca0ba9ad44b4f768eb2393a60f27fa3).
2021-11-23 18:56:31,INFO ,[flink-akka.actor.default-dispatcher-6],[org.apache.flink.runtime.executiongraph.ExecutionGraphBuilder.buildGraph(ExecutionGraphBuilder.java:202)],Running initialization on master for job Flink Java Job at Tue Nov 23 18:56:30 CST 2021 (4ca0ba9ad44b4f768eb2393a60f27fa3).
2021-11-23 18:56:31,INFO ,[flink-akka.actor.default-dispatcher-6],[org.apache.flink.runtime.executiongraph.ExecutionGraphBuilder.buildGraph(ExecutionGraphBuilder.java:220)],Successfully ran initialization on master in 1 ms.
2021-11-23 18:56:31,INFO ,[flink-akka.actor.default-dispatcher-6],[org.apache.flink.runtime.scheduler.adapter.DefaultExecutionTopology.initializePipelinedRegions(DefaultExecutionTopology.java:111)],Built 1 pipelined regions in 0 ms
2021-11-23 18:56:31,INFO ,[flink-akka.actor.default-dispatcher-6],[org.apache.flink.runtime.scheduler.DefaultScheduler.<init>(DefaultScheduler.java:148)],Using failover strategy org.apache.flink.runtime.executiongraph.failover.flip1.RestartPipelinedRegionFailoverStrategy@10726f57 for Flink Java Job at Tue Nov 23 18:56:30 CST 2021 (4ca0ba9ad44b4f768eb2393a60f27fa3).
2021-11-23 18:56:31,INFO ,[flink-akka.actor.default-dispatcher-6],[org.apache.flink.runtime.highavailability.nonha.embedded.EmbeddedLeaderService.updateLeader(EmbeddedLeaderService.java:302)],Proposing leadership to contender akka://flink/user/rpc/jobmanager_3
2021-11-23 18:56:31,INFO ,[mini-cluster-io-thread-11],[org.apache.flink.runtime.jobmaster.JobManagerRunnerImpl.startJobMaster(JobManagerRunnerImpl.java:304)],JobManager runner for job Flink Java Job at Tue Nov 23 18:56:30 CST 2021 (4ca0ba9ad44b4f768eb2393a60f27fa3) was granted leadership with session id 25df29c1-fcdb-4af6-afc5-6fe1bdb0b1d8 at akka://flink/user/rpc/jobmanager_3.
2021-11-23 18:56:31,INFO ,[flink-akka.actor.default-dispatcher-3],[org.apache.flink.runtime.jobmaster.JobMaster.startJobExecution(JobMaster.java:758)],Starting execution of job Flink Java Job at Tue Nov 23 18:56:30 CST 2021 (4ca0ba9ad44b4f768eb2393a60f27fa3) under job master id afc56fe1bdb0b1d825df29c1fcdb4af6.
2021-11-23 18:56:31,INFO ,[flink-akka.actor.default-dispatcher-3],[org.apache.flink.runtime.scheduler.DefaultScheduler.startSchedulingInternal(DefaultScheduler.java:171)],Starting scheduling with scheduling strategy [org.apache.flink.runtime.scheduler.strategy.LazyFromSourcesSchedulingStrategy]
2021-11-23 18:56:31,INFO ,[flink-akka.actor.default-dispatcher-3],[org.apache.flink.runtime.executiongraph.ExecutionGraph.transitionState(ExecutionGraph.java:1240)],Job Flink Java Job at Tue Nov 23 18:56:30 CST 2021 (4ca0ba9ad44b4f768eb2393a60f27fa3) switched from state CREATED to RUNNING.
2021-11-23 18:56:31,INFO ,[flink-akka.actor.default-dispatcher-3],[org.apache.flink.runtime.executiongraph.Execution.transitionState(Execution.java:1588)],CHAIN DataSource (at main(ScalarFunctionTemplate.java:62) (org.apache.flink.api.java.io.CollectionInputFormat)) -> FlatMap (select: (user, custom_Date(visit_time) AS EXPR$1, custom_Date(visit_time, 2) AS EXPR$2)) (1/1) (93aa22eba739c3b7464eaaf37143c7fb) switched from CREATED to SCHEDULED.
2021-11-23 18:56:31,INFO ,[flink-akka.actor.default-dispatcher-3],[org.apache.flink.runtime.jobmaster.slotpool.SlotPoolImpl.stashRequestWaitingForResourceManager(SlotPoolImpl.java:372)],Cannot serve slot request, no ResourceManager connected. Adding as pending request [SlotRequestId{d01ad4f43011fe6e959a3e0d7b137ec7}]
2021-11-23 18:56:31,INFO ,[jobmanager-future-thread-1],[org.apache.flink.runtime.highavailability.nonha.embedded.EmbeddedLeaderService.confirmLeader(EmbeddedLeaderService.java:252)],Received confirmation of leadership for leader akka://flink/user/rpc/jobmanager_3 , session=25df29c1-fcdb-4af6-afc5-6fe1bdb0b1d8
2021-11-23 18:56:31,INFO ,[flink-akka.actor.default-dispatcher-3],[org.apache.flink.runtime.jobmaster.JobMaster.connectToResourceManager(JobMaster.java:984)],Connecting to ResourceManager akka://flink/user/rpc/resourcemanager_1(be927c41a2cedce78a97dc9c8393402b)
2021-11-23 18:56:31,INFO ,[flink-akka.actor.default-dispatcher-4],[org.apache.flink.runtime.registration.RetryingRegistration.lambda$startRegistration$0(RetryingRegistration.java:155)],Resolved ResourceManager address, beginning registration
2021-11-23 18:56:31,INFO ,[flink-akka.actor.default-dispatcher-3],[org.apache.flink.runtime.resourcemanager.ResourceManager.registerJobManager(ResourceManager.java:317)],Registering job manager afc56fe1bdb0b1d825df29c1fcdb4af6@akka://flink/user/rpc/jobmanager_3 for job 4ca0ba9ad44b4f768eb2393a60f27fa3.
2021-11-23 18:56:31,INFO ,[flink-akka.actor.default-dispatcher-4],[org.apache.flink.runtime.resourcemanager.ResourceManager.registerJobMasterInternal(ResourceManager.java:727)],Registered job manager afc56fe1bdb0b1d825df29c1fcdb4af6@akka://flink/user/rpc/jobmanager_3 for job 4ca0ba9ad44b4f768eb2393a60f27fa3.
2021-11-23 18:56:31,INFO ,[flink-akka.actor.default-dispatcher-3],[org.apache.flink.runtime.jobmaster.JobMaster.establishResourceManagerConnection(JobMaster.java:1006)],JobManager successfully registered at ResourceManager, leader id: be927c41a2cedce78a97dc9c8393402b.
2021-11-23 18:56:31,INFO ,[flink-akka.actor.default-dispatcher-3],[org.apache.flink.runtime.jobmaster.slotpool.SlotPoolImpl.requestSlotFromResourceManager(SlotPoolImpl.java:322)],Requesting new slot [SlotRequestId{d01ad4f43011fe6e959a3e0d7b137ec7}] and profile ResourceProfile{UNKNOWN} from resource manager.
2021-11-23 18:56:31,INFO ,[flink-akka.actor.default-dispatcher-6],[org.apache.flink.runtime.resourcemanager.ResourceManager.requestSlot(ResourceManager.java:451)],Request slot with profile ResourceProfile{UNKNOWN} for job 4ca0ba9ad44b4f768eb2393a60f27fa3 with allocation id 2b28a453bbe3f04eb4fa6d8e9b2a96a4.
2021-11-23 18:56:31,INFO ,[flink-akka.actor.default-dispatcher-3],[org.apache.flink.runtime.taskexecutor.TaskExecutor.requestSlot(TaskExecutor.java:903)],Receive slot request 2b28a453bbe3f04eb4fa6d8e9b2a96a4 for job 4ca0ba9ad44b4f768eb2393a60f27fa3 from resource manager with leader id be927c41a2cedce78a97dc9c8393402b.
2021-11-23 18:56:31,INFO ,[flink-akka.actor.default-dispatcher-3],[org.apache.flink.runtime.taskexecutor.TaskExecutor.allocateSlot(TaskExecutor.java:971)],Allocated slot for 2b28a453bbe3f04eb4fa6d8e9b2a96a4.
2021-11-23 18:56:31,INFO ,[flink-akka.actor.default-dispatcher-3],[org.apache.flink.runtime.taskexecutor.DefaultJobLeaderService.addJob(DefaultJobLeaderService.java:172)],Add job 4ca0ba9ad44b4f768eb2393a60f27fa3 for job leader monitoring.
2021-11-23 18:56:31,INFO ,[mini-cluster-io-thread-14],[org.apache.flink.runtime.taskexecutor.DefaultJobLeaderService$JobManagerLeaderListener.openRpcConnectionTo(DefaultJobLeaderService.java:314)],Try to register at job manager akka://flink/user/rpc/jobmanager_3 with leader id 25df29c1-fcdb-4af6-afc5-6fe1bdb0b1d8.
2021-11-23 18:56:31,INFO ,[flink-akka.actor.default-dispatcher-3],[org.apache.flink.runtime.registration.RetryingRegistration.lambda$startRegistration$0(RetryingRegistration.java:155)],Resolved JobManager address, beginning registration
2021-11-23 18:56:31,INFO ,[flink-akka.actor.default-dispatcher-3],[org.apache.flink.runtime.taskexecutor.DefaultJobLeaderService$JobManagerLeaderListener$JobManagerRegisteredRpcConnection.onRegistrationSuccess(DefaultJobLeaderService.java:369)],Successful registration at job manager akka://flink/user/rpc/jobmanager_3 for job 4ca0ba9ad44b4f768eb2393a60f27fa3.
2021-11-23 18:56:31,INFO ,[flink-akka.actor.default-dispatcher-3],[org.apache.flink.runtime.taskexecutor.TaskExecutor.establishJobManagerConnection(TaskExecutor.java:1372)],Establish JobManager connection for job 4ca0ba9ad44b4f768eb2393a60f27fa3.
2021-11-23 18:56:31,INFO ,[flink-akka.actor.default-dispatcher-3],[org.apache.flink.runtime.taskexecutor.TaskExecutor.internalOfferSlotsToJobManager(TaskExecutor.java:1271)],Offer reserved slots to the leader of job 4ca0ba9ad44b4f768eb2393a60f27fa3.
2021-11-23 18:56:31,INFO ,[flink-akka.actor.default-dispatcher-2],[org.apache.flink.runtime.executiongraph.Execution.transitionState(Execution.java:1588)],CHAIN DataSource (at main(ScalarFunctionTemplate.java:62) (org.apache.flink.api.java.io.CollectionInputFormat)) -> FlatMap (select: (user, custom_Date(visit_time) AS EXPR$1, custom_Date(visit_time, 2) AS EXPR$2)) (1/1) (93aa22eba739c3b7464eaaf37143c7fb) switched from SCHEDULED to DEPLOYING.
2021-11-23 18:56:31,INFO ,[flink-akka.actor.default-dispatcher-2],[org.apache.flink.runtime.executiongraph.Execution.deploy(Execution.java:730)],Deploying CHAIN DataSource (at main(ScalarFunctionTemplate.java:62) (org.apache.flink.api.java.io.CollectionInputFormat)) -> FlatMap (select: (user, custom_Date(visit_time) AS EXPR$1, custom_Date(visit_time, 2) AS EXPR$2)) (1/1) (attempt #0) to 8d80126a-220d-4c51-ba32-81ea705a5538 @ localhost (dataPort=-1)
2021-11-23 18:56:31,INFO ,[flink-akka.actor.default-dispatcher-3],[org.apache.flink.runtime.taskexecutor.slot.TaskSlotTableImpl.markExistingSlotActive(TaskSlotTableImpl.java:332)],Activate slot 2b28a453bbe3f04eb4fa6d8e9b2a96a4.
2021-11-23 18:56:31,INFO ,[flink-akka.actor.default-dispatcher-3],[org.apache.flink.runtime.taskexecutor.TaskExecutor.submitTask(TaskExecutor.java:646)],Received task CHAIN DataSource (at main(ScalarFunctionTemplate.java:62) (org.apache.flink.api.java.io.CollectionInputFormat)) -> FlatMap (select: (user, custom_Date(visit_time) AS EXPR$1, custom_Date(visit_time, 2) AS EXPR$2)) (1/1).
2021-11-23 18:56:31,INFO ,[CHAIN DataSource (at main(ScalarFunctionTemplate.java:62) (org.apache.flink.api.java.io.CollectionInputFormat)) -> FlatMap (select: (user, custom_Date(visit_time) AS EXPR$1, custom_Date(visit_time, 2) AS EXPR$2)) (1/1)],[org.apache.flink.runtime.taskmanager.Task.transitionState(Task.java:968)],CHAIN DataSource (at main(ScalarFunctionTemplate.java:62) (org.apache.flink.api.java.io.CollectionInputFormat)) -> FlatMap (select: (user, custom_Date(visit_time) AS EXPR$1, custom_Date(visit_time, 2) AS EXPR$2)) (1/1) (93aa22eba739c3b7464eaaf37143c7fb) switched from CREATED to DEPLOYING.
2021-11-23 18:56:31,INFO ,[flink-akka.actor.default-dispatcher-3],[org.apache.flink.runtime.taskexecutor.slot.TaskSlotTableImpl.markExistingSlotActive(TaskSlotTableImpl.java:332)],Activate slot 2b28a453bbe3f04eb4fa6d8e9b2a96a4.
2021-11-23 18:56:31,INFO ,[CHAIN DataSource (at main(ScalarFunctionTemplate.java:62) (org.apache.flink.api.java.io.CollectionInputFormat)) -> FlatMap (select: (user, custom_Date(visit_time) AS EXPR$1, custom_Date(visit_time, 2) AS EXPR$2)) (1/1)],[org.apache.flink.runtime.taskmanager.Task.doRun(Task.java:607)],Loading JAR files for task CHAIN DataSource (at main(ScalarFunctionTemplate.java:62) (org.apache.flink.api.java.io.CollectionInputFormat)) -> FlatMap (select: (user, custom_Date(visit_time) AS EXPR$1, custom_Date(visit_time, 2) AS EXPR$2)) (1/1) (93aa22eba739c3b7464eaaf37143c7fb) [DEPLOYING].
2021-11-23 18:56:31,INFO ,[CHAIN DataSource (at main(ScalarFunctionTemplate.java:62) (org.apache.flink.api.java.io.CollectionInputFormat)) -> FlatMap (select: (user, custom_Date(visit_time) AS EXPR$1, custom_Date(visit_time, 2) AS EXPR$2)) (1/1)],[org.apache.flink.runtime.taskmanager.Task.doRun(Task.java:633)],Registering task at network: CHAIN DataSource (at main(ScalarFunctionTemplate.java:62) (org.apache.flink.api.java.io.CollectionInputFormat)) -> FlatMap (select: (user, custom_Date(visit_time) AS EXPR$1, custom_Date(visit_time, 2) AS EXPR$2)) (1/1) (93aa22eba739c3b7464eaaf37143c7fb) [DEPLOYING].
2021-11-23 18:56:31,INFO ,[CHAIN DataSource (at main(ScalarFunctionTemplate.java:62) (org.apache.flink.api.java.io.CollectionInputFormat)) -> FlatMap (select: (user, custom_Date(visit_time) AS EXPR$1, custom_Date(visit_time, 2) AS EXPR$2)) (1/1)],[org.apache.flink.runtime.taskmanager.Task.transitionState(Task.java:968)],CHAIN DataSource (at main(ScalarFunctionTemplate.java:62) (org.apache.flink.api.java.io.CollectionInputFormat)) -> FlatMap (select: (user, custom_Date(visit_time) AS EXPR$1, custom_Date(visit_time, 2) AS EXPR$2)) (1/1) (93aa22eba739c3b7464eaaf37143c7fb) switched from DEPLOYING to RUNNING.
2021-11-23 18:56:31,INFO ,[flink-akka.actor.default-dispatcher-3],[org.apache.flink.runtime.executiongraph.Execution.transitionState(Execution.java:1588)],CHAIN DataSource (at main(ScalarFunctionTemplate.java:62) (org.apache.flink.api.java.io.CollectionInputFormat)) -> FlatMap (select: (user, custom_Date(visit_time) AS EXPR$1, custom_Date(visit_time, 2) AS EXPR$2)) (1/1) (93aa22eba739c3b7464eaaf37143c7fb) switched from DEPLOYING to RUNNING.
2021-11-23 18:56:31,WARN ,[CHAIN DataSource (at main(ScalarFunctionTemplate.java:62) (org.apache.flink.api.java.io.CollectionInputFormat)) -> FlatMap (select: (user, custom_Date(visit_time) AS EXPR$1, custom_Date(visit_time, 2) AS EXPR$2)) (1/1)],[org.apache.flink.runtime.metrics.groups.TaskMetricGroup.getOrAddOperator(TaskMetricGroup.java:144)],The operator name FlatMap (select: (user, custom_Date(visit_time) AS EXPR$1, custom_Date(visit_time, 2) AS EXPR$2)) exceeded the 80 characters length limit and was truncated.
2021-11-23 18:56:31,WARN ,[CHAIN DataSource (at main(ScalarFunctionTemplate.java:62) (org.apache.flink.api.java.io.CollectionInputFormat)) -> FlatMap (select: (user, custom_Date(visit_time) AS EXPR$1, custom_Date(visit_time, 2) AS EXPR$2)) (1/1)],[org.apache.flink.runtime.metrics.groups.TaskMetricGroup.getOrAddOperator(TaskMetricGroup.java:144)],The operator name DataSource (at main(ScalarFunctionTemplate.java:62) (org.apache.flink.api.java.io.CollectionInputFormat)) exceeded the 80 characters length limit and was truncated.
2021-11-23 18:56:31,INFO ,[flink-akka.actor.default-dispatcher-6],[org.apache.flink.runtime.executiongraph.Execution.transitionState(Execution.java:1588)],DataSink (Print to System.out) (1/1) (d971713eba26a8de5d5c46b2968f8006) switched from CREATED to SCHEDULED.
2021-11-23 18:56:31,INFO ,[flink-akka.actor.default-dispatcher-6],[org.apache.flink.runtime.executiongraph.Execution.transitionState(Execution.java:1588)],DataSink (Print to System.out) (1/1) (d971713eba26a8de5d5c46b2968f8006) switched from SCHEDULED to DEPLOYING.
2021-11-23 18:56:31,INFO ,[flink-akka.actor.default-dispatcher-6],[org.apache.flink.runtime.executiongraph.Execution.deploy(Execution.java:730)],Deploying DataSink (Print to System.out) (1/1) (attempt #0) to 8d80126a-220d-4c51-ba32-81ea705a5538 @ localhost (dataPort=-1)
2021-11-23 18:56:31,INFO ,[flink-akka.actor.default-dispatcher-2],[org.apache.flink.runtime.taskexecutor.slot.TaskSlotTableImpl.markExistingSlotActive(TaskSlotTableImpl.java:332)],Activate slot 2b28a453bbe3f04eb4fa6d8e9b2a96a4.
2021-11-23 18:56:31,INFO ,[CHAIN DataSource (at main(ScalarFunctionTemplate.java:62) (org.apache.flink.api.java.io.CollectionInputFormat)) -> FlatMap (select: (user, custom_Date(visit_time) AS EXPR$1, custom_Date(visit_time, 2) AS EXPR$2)) (1/1)],[org.apache.flink.runtime.taskmanager.Task.transitionState(Task.java:968)],CHAIN DataSource (at main(ScalarFunctionTemplate.java:62) (org.apache.flink.api.java.io.CollectionInputFormat)) -> FlatMap (select: (user, custom_Date(visit_time) AS EXPR$1, custom_Date(visit_time, 2) AS EXPR$2)) (1/1) (93aa22eba739c3b7464eaaf37143c7fb) switched from RUNNING to FINISHED.
2021-11-23 18:56:31,INFO ,[CHAIN DataSource (at main(ScalarFunctionTemplate.java:62) (org.apache.flink.api.java.io.CollectionInputFormat)) -> FlatMap (select: (user, custom_Date(visit_time) AS EXPR$1, custom_Date(visit_time, 2) AS EXPR$2)) (1/1)],[org.apache.flink.runtime.taskmanager.Task.doRun(Task.java:822)],Freeing task resources for CHAIN DataSource (at main(ScalarFunctionTemplate.java:62) (org.apache.flink.api.java.io.CollectionInputFormat)) -> FlatMap (select: (user, custom_Date(visit_time) AS EXPR$1, custom_Date(visit_time, 2) AS EXPR$2)) (1/1) (93aa22eba739c3b7464eaaf37143c7fb).
2021-11-23 18:56:31,INFO ,[flink-akka.actor.default-dispatcher-2],[org.apache.flink.runtime.taskexecutor.TaskExecutor.submitTask(TaskExecutor.java:646)],Received task DataSink (Print to System.out) (1/1).
2021-11-23 18:56:31,INFO ,[DataSink (Print to System.out) (1/1)],[org.apache.flink.runtime.taskmanager.Task.transitionState(Task.java:968)],DataSink (Print to System.out) (1/1) (d971713eba26a8de5d5c46b2968f8006) switched from CREATED to DEPLOYING.
2021-11-23 18:56:31,INFO ,[flink-akka.actor.default-dispatcher-2],[org.apache.flink.runtime.taskexecutor.TaskExecutor.unregisterTaskAndNotifyFinalState(TaskExecutor.java:1583)],Un-registering task and sending final execution state FINISHED to JobManager for task CHAIN DataSource (at main(ScalarFunctionTemplate.java:62) (org.apache.flink.api.java.io.CollectionInputFormat)) -> FlatMap (select: (user, custom_Date(visit_time) AS EXPR$1, custom_Date(visit_time, 2) AS EXPR$2)) (1/1) 93aa22eba739c3b7464eaaf37143c7fb.
2021-11-23 18:56:31,INFO ,[DataSink (Print to System.out) (1/1)],[org.apache.flink.runtime.taskmanager.Task.doRun(Task.java:607)],Loading JAR files for task DataSink (Print to System.out) (1/1) (d971713eba26a8de5d5c46b2968f8006) [DEPLOYING].
2021-11-23 18:56:31,INFO ,[DataSink (Print to System.out) (1/1)],[org.apache.flink.runtime.taskmanager.Task.doRun(Task.java:633)],Registering task at network: DataSink (Print to System.out) (1/1) (d971713eba26a8de5d5c46b2968f8006) [DEPLOYING].
2021-11-23 18:56:31,INFO ,[DataSink (Print to System.out) (1/1)],[org.apache.flink.runtime.taskmanager.Task.transitionState(Task.java:968)],DataSink (Print to System.out) (1/1) (d971713eba26a8de5d5c46b2968f8006) switched from DEPLOYING to RUNNING.
2021-11-23 18:56:31,INFO ,[flink-akka.actor.default-dispatcher-3],[org.apache.flink.runtime.executiongraph.Execution.transitionState(Execution.java:1588)],DataSink (Print to System.out) (1/1) (d971713eba26a8de5d5c46b2968f8006) switched from DEPLOYING to RUNNING.
2021-11-23 18:56:31,INFO ,[flink-akka.actor.default-dispatcher-3],[org.apache.flink.runtime.executiongraph.Execution.transitionState(Execution.java:1588)],CHAIN DataSource (at main(ScalarFunctionTemplate.java:62) (org.apache.flink.api.java.io.CollectionInputFormat)) -> FlatMap (select: (user, custom_Date(visit_time) AS EXPR$1, custom_Date(visit_time, 2) AS EXPR$2)) (1/1) (93aa22eba739c3b7464eaaf37143c7fb) switched from RUNNING to FINISHED.
2021-11-23 18:56:31,INFO ,[DataSink (Print to System.out) (1/1)],[org.apache.flink.runtime.taskmanager.Task.transitionState(Task.java:968)],DataSink (Print to System.out) (1/1) (d971713eba26a8de5d5c46b2968f8006) switched from RUNNING to FINISHED.
2021-11-23 18:56:31,INFO ,[DataSink (Print to System.out) (1/1)],[org.apache.flink.runtime.taskmanager.Task.doRun(Task.java:822)],Freeing task resources for DataSink (Print to System.out) (1/1) (d971713eba26a8de5d5c46b2968f8006).
2021-11-23 18:56:31,INFO ,[flink-akka.actor.default-dispatcher-2],[org.apache.flink.runtime.taskexecutor.TaskExecutor.unregisterTaskAndNotifyFinalState(TaskExecutor.java:1583)],Un-registering task and sending final execution state FINISHED to JobManager for task DataSink (Print to System.out) (1/1) d971713eba26a8de5d5c46b2968f8006.
2021-11-23 18:56:31,INFO ,[flink-akka.actor.default-dispatcher-3],[org.apache.flink.runtime.executiongraph.Execution.transitionState(Execution.java:1588)],DataSink (Print to System.out) (1/1) (d971713eba26a8de5d5c46b2968f8006) switched from RUNNING to FINISHED.
2021-11-23 18:56:31,INFO ,[flink-akka.actor.default-dispatcher-3],[org.apache.flink.runtime.executiongraph.ExecutionGraph.transitionState(ExecutionGraph.java:1240)],Job Flink Java Job at Tue Nov 23 18:56:30 CST 2021 (4ca0ba9ad44b4f768eb2393a60f27fa3) switched from state RUNNING to FINISHED.
2021-11-23 18:56:31,INFO ,[flink-akka.actor.default-dispatcher-4],[org.apache.flink.runtime.minicluster.MiniCluster.closeAsync(MiniCluster.java:451)],Shutting down Flink Mini Cluster
2021-11-23 18:56:31,INFO ,[flink-akka.actor.default-dispatcher-2],[org.apache.flink.runtime.dispatcher.Dispatcher.jobReachedGloballyTerminalState(Dispatcher.java:757)],Job 4ca0ba9ad44b4f768eb2393a60f27fa3 reached globally terminal state FINISHED.
2021-11-23 18:56:31,INFO ,[flink-akka.actor.default-dispatcher-4],[org.apache.flink.runtime.rest.RestServerEndpoint.closeAsync(RestServerEndpoint.java:293)],Shutting down rest endpoint.
2021-11-23 18:56:31,INFO ,[flink-akka.actor.default-dispatcher-6],[org.apache.flink.runtime.taskexecutor.TaskExecutor.onStop(TaskExecutor.java:400)],Stopping TaskExecutor akka://flink/user/rpc/taskmanager_0.
2021-11-23 18:56:31,INFO ,[flink-akka.actor.default-dispatcher-6],[org.apache.flink.runtime.taskexecutor.TaskExecutor.closeResourceManagerConnection(TaskExecutor.java:1202)],Close ResourceManager connection 731681e32cc79d935a80952c668bfcfb.
2021-11-23 18:56:31,INFO ,[flink-akka.actor.default-dispatcher-2],[org.apache.flink.runtime.resourcemanager.ResourceManager.closeTaskManagerConnection(ResourceManager.java:867)],Closing TaskExecutor connection 8d80126a-220d-4c51-ba32-81ea705a5538 because: The TaskExecutor is shutting down.
2021-11-23 18:56:31,INFO ,[flink-akka.actor.default-dispatcher-6],[org.apache.flink.runtime.taskexecutor.TaskExecutor.disconnectJobManagerConnection(TaskExecutor.java:1409)],Close JobManager connection for job 4ca0ba9ad44b4f768eb2393a60f27fa3.
2021-11-23 18:56:31,INFO ,[flink-akka.actor.default-dispatcher-3],[org.apache.flink.runtime.jobmaster.JobMaster.onStop(JobMaster.java:344)],Stopping the JobMaster for job Flink Java Job at Tue Nov 23 18:56:30 CST 2021(4ca0ba9ad44b4f768eb2393a60f27fa3).
2021-11-23 18:56:31,INFO ,[flink-akka.actor.default-dispatcher-6],[org.apache.flink.runtime.taskexecutor.slot.TaskSlotTableImpl.freeSlotInternal(TaskSlotTableImpl.java:381)],Free slot TaskSlot(index:0, state:ALLOCATED, resource profile: ResourceProfile{managedMemory=128.000mb (134217728 bytes), networkMemory=64.000mb (67108864 bytes)}, allocationId: 2b28a453bbe3f04eb4fa6d8e9b2a96a4, jobId: 4ca0ba9ad44b4f768eb2393a60f27fa3).
2021-11-23 18:56:31,INFO ,[flink-akka.actor.default-dispatcher-3],[org.apache.flink.runtime.jobmaster.slotpool.SlotPoolImpl.suspend(SlotPoolImpl.java:229)],Suspending SlotPool.
2021-11-23 18:56:31,INFO ,[flink-akka.actor.default-dispatcher-3],[org.apache.flink.runtime.jobmaster.JobMaster.dissolveResourceManagerConnection(JobMaster.java:1054)],Close ResourceManager connection 731681e32cc79d935a80952c668bfcfb: JobManager is shutting down..
2021-11-23 18:56:31,INFO ,[flink-akka.actor.default-dispatcher-3],[org.apache.flink.runtime.jobmaster.slotpool.SlotPoolImpl.close(SlotPoolImpl.java:256)],Stopping SlotPool.
2021-11-23 18:56:31,INFO ,[flink-akka.actor.default-dispatcher-2],[org.apache.flink.runtime.resourcemanager.ResourceManager.closeJobManagerConnection(ResourceManager.java:838)],Disconnect job manager afc56fe1bdb0b1d825df29c1fcdb4af6@akka://flink/user/rpc/jobmanager_3 for job 4ca0ba9ad44b4f768eb2393a60f27fa3 from the resource manager.
2021-11-23 18:56:31,INFO ,[mini-cluster-io-thread-15],[org.apache.flink.runtime.taskexecutor.TaskExecutor$JobLeaderListenerImpl.jobManagerLostLeadership(TaskExecutor.java:1846)],JobManager for job 4ca0ba9ad44b4f768eb2393a60f27fa3 with leader id afc56fe1bdb0b1d825df29c1fcdb4af6 lost leadership.
2021-11-23 18:56:31,INFO ,[ForkJoinPool.commonPool-worker-5],[org.apache.flink.runtime.webmonitor.WebMonitorEndpoint.lambda$shutDownInternal$5(WebMonitorEndpoint.java:788)],Removing cache directory /var/folders/b1/3hp1l_n918s_5xcn2t8jnryh0000gn/T/flink-web-ui
2021-11-23 18:56:31,INFO ,[ForkJoinPool.commonPool-worker-5],[org.apache.flink.runtime.rest.RestServerEndpoint.lambda$closeAsync$1(RestServerEndpoint.java:302)],Shut down complete.
2021-11-23 18:56:31,INFO ,[flink-akka.actor.default-dispatcher-6],[org.apache.flink.runtime.taskexecutor.DefaultJobLeaderService.stop(DefaultJobLeaderService.java:128)],Stop job leader service.
2021-11-23 18:56:31,INFO ,[flink-akka.actor.default-dispatcher-6],[org.apache.flink.runtime.state.TaskExecutorLocalStateStoresManager.shutdown(TaskExecutorLocalStateStoresManager.java:213)],Shutting down TaskExecutorLocalStateStoresManager.
2021-11-23 18:56:31,INFO ,[flink-akka.actor.default-dispatcher-6],[org.apache.flink.runtime.io.disk.FileChannelManagerImpl.lambda$getFileCloser$0(FileChannelManagerImpl.java:146)],FileChannelManager removed spill file directory /var/folders/b1/3hp1l_n918s_5xcn2t8jnryh0000gn/T/flink-io-f434b201-a222-4aa5-b1fe-b01ca606192e
2021-11-23 18:56:31,INFO ,[flink-akka.actor.default-dispatcher-6],[org.apache.flink.runtime.io.network.NettyShuffleEnvironment.close(NettyShuffleEnvironment.java:314)],Shutting down the network environment and its components.
2021-11-23 18:56:31,INFO ,[flink-akka.actor.default-dispatcher-4],[org.apache.flink.runtime.resourcemanager.ResourceManager.deregisterApplication(ResourceManager.java:513)],Shut down cluster because application is in CANCELED, diagnostics DispatcherResourceManagerComponent has been closed..
2021-11-23 18:56:31,INFO ,[flink-akka.actor.default-dispatcher-4],[org.apache.flink.runtime.entrypoint.component.DispatcherResourceManagerComponent.closeAsyncInternal(DispatcherResourceManagerComponent.java:128)],Closing components.
2021-11-23 18:56:31,INFO ,[flink-akka.actor.default-dispatcher-6],[org.apache.flink.runtime.io.disk.FileChannelManagerImpl.lambda$getFileCloser$0(FileChannelManagerImpl.java:146)],FileChannelManager removed spill file directory /var/folders/b1/3hp1l_n918s_5xcn2t8jnryh0000gn/T/flink-netty-shuffle-e5585bf5-7abf-48bf-b9e6-b9159d160720
2021-11-23 18:56:31,INFO ,[flink-akka.actor.default-dispatcher-6],[org.apache.flink.runtime.taskexecutor.KvStateService.shutdown(KvStateService.java:119)],Shutting down the kvState service and its components.
2021-11-23 18:56:31,INFO ,[flink-akka.actor.default-dispatcher-4],[org.apache.flink.runtime.dispatcher.runner.AbstractDispatcherLeaderProcess.closeInternal(AbstractDispatcherLeaderProcess.java:140)],Stopping SessionDispatcherLeaderProcess.
2021-11-23 18:56:31,INFO ,[flink-akka.actor.default-dispatcher-6],[org.apache.flink.runtime.taskexecutor.DefaultJobLeaderService.stop(DefaultJobLeaderService.java:128)],Stop job leader service.
2021-11-23 18:56:31,INFO ,[flink-akka.actor.default-dispatcher-3],[org.apache.flink.runtime.dispatcher.Dispatcher.onStop(Dispatcher.java:241)],Stopping dispatcher akka://flink/user/rpc/dispatcher_2.
2021-11-23 18:56:31,INFO ,[flink-akka.actor.default-dispatcher-3],[org.apache.flink.runtime.dispatcher.Dispatcher.terminateJobManagerRunners(Dispatcher.java:731)],Stopping all currently running jobs of dispatcher akka://flink/user/rpc/dispatcher_2.
2021-11-23 18:56:31,INFO ,[flink-akka.actor.default-dispatcher-2],[org.apache.flink.runtime.resourcemanager.slotmanager.SlotManagerImpl.close(SlotManagerImpl.java:355)],Closing the SlotManager.
2021-11-23 18:56:31,INFO ,[flink-akka.actor.default-dispatcher-6],[org.apache.flink.runtime.filecache.FileCache.shutdown(FileCache.java:153)],removed file cache directory /var/folders/b1/3hp1l_n918s_5xcn2t8jnryh0000gn/T/flink-dist-cache-5ed8f7f5-b361-441c-be25-8c4b1145d0b4
2021-11-23 18:56:31,INFO ,[flink-akka.actor.default-dispatcher-2],[org.apache.flink.runtime.resourcemanager.slotmanager.SlotManagerImpl.suspend(SlotManagerImpl.java:318)],Suspending the SlotManager.
2021-11-23 18:56:31,INFO ,[flink-akka.actor.default-dispatcher-3],[org.apache.flink.runtime.rest.handler.legacy.backpressure.BackPressureRequestCoordinator.shutDown(BackPressureRequestCoordinator.java:207)],Shutting down back pressure request coordinator.
2021-11-23 18:56:31,INFO ,[flink-akka.actor.default-dispatcher-3],[org.apache.flink.runtime.dispatcher.Dispatcher.lambda$onStop$1(Dispatcher.java:252)],Stopped dispatcher akka://flink/user/rpc/dispatcher_2.
2021-11-23 18:56:31,INFO ,[flink-akka.actor.default-dispatcher-6],[org.apache.flink.runtime.taskexecutor.TaskExecutor.handleOnStopException(TaskExecutor.java:442)],Stopped TaskExecutor akka://flink/user/rpc/taskmanager_0.
2021-11-23 18:56:31,INFO ,[mini-cluster-io-thread-20],[org.apache.flink.runtime.rpc.akka.AkkaRpcService.stopService(AkkaRpcService.java:374)],Stopping Akka RPC service.
2021-11-23 18:56:31,INFO ,[flink-metrics-2],[org.apache.flink.runtime.rpc.akka.AkkaRpcService.stopService(AkkaRpcService.java:374)],Stopping Akka RPC service.
2021-11-23 18:56:31,INFO ,[flink-metrics-2],[org.apache.flink.runtime.rpc.akka.AkkaRpcService.lambda$stopService$7(AkkaRpcService.java:397)],Stopped Akka RPC service.
2021-11-23 18:56:31,INFO ,[flink-akka.actor.default-dispatcher-6],[org.apache.flink.runtime.blob.AbstractBlobCache.close(AbstractBlobCache.java:251)],Shutting down BLOB cache
2021-11-23 18:56:31,INFO ,[flink-akka.actor.default-dispatcher-6],[org.apache.flink.runtime.blob.AbstractBlobCache.close(AbstractBlobCache.java:251)],Shutting down BLOB cache
2021-11-23 18:56:31,INFO ,[flink-akka.actor.default-dispatcher-6],[org.apache.flink.runtime.blob.BlobServer.close(BlobServer.java:348)],Stopped BLOB server at 0.0.0.0:51370
2021-11-23 18:56:31,INFO ,[flink-akka.actor.default-dispatcher-6],[org.apache.flink.runtime.rpc.akka.AkkaRpcService.lambda$stopService$7(AkkaRpcService.java:397)],Stopped Akka RPC service.
